04-07-2022 12:26:01 info : Server Up and Running 5000
04-07-2022 12:26:33 info : Server Up and Running 5000
04-07-2022 12:26:43 info : Server Up and Running 5000
04-07-2022 12:27:20 info : Server Up and Running 5000
04-07-2022 12:28:03 info : Server Up and Running 5000
04-07-2022 12:29:50 error : Error: ER_TRUNCATED_WRONG_VALUE_FOR_FIELD: Incorrect integer value: '' for column 'em_bank' at row 1
    at Query.Sequence._packetToError (D:\HR_BACKEND\hrm_baknd\node_modules\mysql\lib\protocol\sequences\Sequence.js:47:14)
    at Query.ErrorPacket (D:\HR_BACKEND\hrm_baknd\node_modules\mysql\lib\protocol\sequences\Query.js:79:18)
    at Protocol._parsePacket (D:\HR_BACKEND\hrm_baknd\node_modules\mysql\lib\protocol\Protocol.js:291:23)
    at Parser._parsePacket (D:\HR_BACKEND\hrm_baknd\node_modules\mysql\lib\protocol\Parser.js:433:10)
    at Parser.write (D:\HR_BACKEND\hrm_baknd\node_modules\mysql\lib\protocol\Parser.js:43:10)
    at Protocol.write (D:\HR_BACKEND\hrm_baknd\node_modules\mysql\lib\protocol\Protocol.js:38:16)
    at Socket.<anonymous> (D:\HR_BACKEND\hrm_baknd\node_modules\mysql\lib\Connection.js:88:28)
    at Socket.<anonymous> (D:\HR_BACKEND\hrm_baknd\node_modules\mysql\lib\Connection.js:526:10)
    at Socket.emit (events.js:315:20)
    at addChunk (internal/streams/readable.js:309:12)
    --------------------
    at Pool.query (D:\HR_BACKEND\hrm_baknd\node_modules\mysql\lib\Pool.js:199:23)
    at create (D:\HR_BACKEND\hrm_baknd\api\hrm_emp_personal\emppersonal.service.js:5:14)
    at D:\HR_BACKEND\hrm_baknd\api\hrm_emp_personal\emppersonal.controller.js:20:17
    at Query.<anonymous> (D:\HR_BACKEND\hrm_baknd\api\hrm_emp_personal\emppersonal.service.js:234:24)
    at Query.<anonymous> (D:\HR_BACKEND\hrm_baknd\node_modules\mysql\lib\Connection.js:526:10)
    at Query._callback (D:\HR_BACKEND\hrm_baknd\node_modules\mysql\lib\Connection.js:488:16)
    at Query.Sequence.end (D:\HR_BACKEND\hrm_baknd\node_modules\mysql\lib\protocol\sequences\Sequence.js:83:24)
    at Query._handleFinalResultPacket (D:\HR_BACKEND\hrm_baknd\node_modules\mysql\lib\protocol\sequences\Query.js:149:8)
    at Query.EofPacket (D:\HR_BACKEND\hrm_baknd\node_modules\mysql\lib\protocol\sequences\Query.js:133:8)
    at Protocol._parsePacket (D:\HR_BACKEND\hrm_baknd\node_modules\mysql\lib\protocol\Protocol.js:291:23)
04-07-2022 12:31:43 error : Error: ER_DUP_ENTRY: Duplicate entry '' for key 'hrm_emp_personal.em_account_no_UNIQUE'
    at Query.Sequence._packetToError (D:\HR_BACKEND\hrm_baknd\node_modules\mysql\lib\protocol\sequences\Sequence.js:47:14)
    at Query.ErrorPacket (D:\HR_BACKEND\hrm_baknd\node_modules\mysql\lib\protocol\sequences\Query.js:79:18)
    at Protocol._parsePacket (D:\HR_BACKEND\hrm_baknd\node_modules\mysql\lib\protocol\Protocol.js:291:23)
    at Parser._parsePacket (D:\HR_BACKEND\hrm_baknd\node_modules\mysql\lib\protocol\Parser.js:433:10)
    at Parser.write (D:\HR_BACKEND\hrm_baknd\node_modules\mysql\lib\protocol\Parser.js:43:10)
    at Protocol.write (D:\HR_BACKEND\hrm_baknd\node_modules\mysql\lib\protocol\Protocol.js:38:16)
    at Socket.<anonymous> (D:\HR_BACKEND\hrm_baknd\node_modules\mysql\lib\Connection.js:88:28)
    at Socket.<anonymous> (D:\HR_BACKEND\hrm_baknd\node_modules\mysql\lib\Connection.js:526:10)
    at Socket.emit (events.js:315:20)
    at addChunk (internal/streams/readable.js:309:12)
    --------------------
    at Pool.query (D:\HR_BACKEND\hrm_baknd\node_modules\mysql\lib\Pool.js:199:23)
    at create (D:\HR_BACKEND\hrm_baknd\api\hrm_emp_personal\emppersonal.service.js:5:14)
    at D:\HR_BACKEND\hrm_baknd\api\hrm_emp_personal\emppersonal.controller.js:20:17
    at Query.<anonymous> (D:\HR_BACKEND\hrm_baknd\api\hrm_emp_personal\emppersonal.service.js:234:24)
    at Query.<anonymous> (D:\HR_BACKEND\hrm_baknd\node_modules\mysql\lib\Connection.js:526:10)
    at Query._callback (D:\HR_BACKEND\hrm_baknd\node_modules\mysql\lib\Connection.js:488:16)
    at Query.Sequence.end (D:\HR_BACKEND\hrm_baknd\node_modules\mysql\lib\protocol\sequences\Sequence.js:83:24)
    at Query._handleFinalResultPacket (D:\HR_BACKEND\hrm_baknd\node_modules\mysql\lib\protocol\sequences\Query.js:149:8)
    at Query.EofPacket (D:\HR_BACKEND\hrm_baknd\node_modules\mysql\lib\protocol\sequences\Query.js:133:8)
    at Protocol._parsePacket (D:\HR_BACKEND\hrm_baknd\node_modules\mysql\lib\protocol\Protocol.js:291:23)
04-07-2022 12:33:44 error : Error: ER_DUP_ENTRY: Duplicate entry '' for key 'hrm_emp_personal.em_account_no_UNIQUE'
    at Query.Sequence._packetToError (D:\HR_BACKEND\hrm_baknd\node_modules\mysql\lib\protocol\sequences\Sequence.js:47:14)
    at Query.ErrorPacket (D:\HR_BACKEND\hrm_baknd\node_modules\mysql\lib\protocol\sequences\Query.js:79:18)
    at Protocol._parsePacket (D:\HR_BACKEND\hrm_baknd\node_modules\mysql\lib\protocol\Protocol.js:291:23)
    at Parser._parsePacket (D:\HR_BACKEND\hrm_baknd\node_modules\mysql\lib\protocol\Parser.js:433:10)
    at Parser.write (D:\HR_BACKEND\hrm_baknd\node_modules\mysql\lib\protocol\Parser.js:43:10)
    at Protocol.write (D:\HR_BACKEND\hrm_baknd\node_modules\mysql\lib\protocol\Protocol.js:38:16)
    at Socket.<anonymous> (D:\HR_BACKEND\hrm_baknd\node_modules\mysql\lib\Connection.js:88:28)
    at Socket.<anonymous> (D:\HR_BACKEND\hrm_baknd\node_modules\mysql\lib\Connection.js:526:10)
    at Socket.emit (events.js:315:20)
    at addChunk (internal/streams/readable.js:309:12)
    --------------------
    at Pool.query (D:\HR_BACKEND\hrm_baknd\node_modules\mysql\lib\Pool.js:199:23)
    at create (D:\HR_BACKEND\hrm_baknd\api\hrm_emp_personal\emppersonal.service.js:5:14)
    at D:\HR_BACKEND\hrm_baknd\api\hrm_emp_personal\emppersonal.controller.js:20:17
    at Query.<anonymous> (D:\HR_BACKEND\hrm_baknd\api\hrm_emp_personal\emppersonal.service.js:234:24)
    at Query.<anonymous> (D:\HR_BACKEND\hrm_baknd\node_modules\mysql\lib\Connection.js:526:10)
    at Query._callback (D:\HR_BACKEND\hrm_baknd\node_modules\mysql\lib\Connection.js:488:16)
    at Query.Sequence.end (D:\HR_BACKEND\hrm_baknd\node_modules\mysql\lib\protocol\sequences\Sequence.js:83:24)
    at Query._handleFinalResultPacket (D:\HR_BACKEND\hrm_baknd\node_modules\mysql\lib\protocol\sequences\Query.js:149:8)
    at Query.EofPacket (D:\HR_BACKEND\hrm_baknd\node_modules\mysql\lib\protocol\sequences\Query.js:133:8)
    at Protocol._parsePacket (D:\HR_BACKEND\hrm_baknd\node_modules\mysql\lib\protocol\Protocol.js:291:23)
04-07-2022 12:34:17 error : Error: ER_DUP_ENTRY: Duplicate entry '10190100232641' for key 'hrm_emp_personal.em_account_no_UNIQUE'
    at Query.Sequence._packetToError (D:\HR_BACKEND\hrm_baknd\node_modules\mysql\lib\protocol\sequences\Sequence.js:47:14)
    at Query.ErrorPacket (D:\HR_BACKEND\hrm_baknd\node_modules\mysql\lib\protocol\sequences\Query.js:79:18)
    at Protocol._parsePacket (D:\HR_BACKEND\hrm_baknd\node_modules\mysql\lib\protocol\Protocol.js:291:23)
    at Parser._parsePacket (D:\HR_BACKEND\hrm_baknd\node_modules\mysql\lib\protocol\Parser.js:433:10)
    at Parser.write (D:\HR_BACKEND\hrm_baknd\node_modules\mysql\lib\protocol\Parser.js:43:10)
    at Protocol.write (D:\HR_BACKEND\hrm_baknd\node_modules\mysql\lib\protocol\Protocol.js:38:16)
    at Socket.<anonymous> (D:\HR_BACKEND\hrm_baknd\node_modules\mysql\lib\Connection.js:88:28)
    at Socket.<anonymous> (D:\HR_BACKEND\hrm_baknd\node_modules\mysql\lib\Connection.js:526:10)
    at Socket.emit (events.js:315:20)
    at addChunk (internal/streams/readable.js:309:12)
    --------------------
    at Pool.query (D:\HR_BACKEND\hrm_baknd\node_modules\mysql\lib\Pool.js:199:23)
    at create (D:\HR_BACKEND\hrm_baknd\api\hrm_emp_personal\emppersonal.service.js:5:14)
    at D:\HR_BACKEND\hrm_baknd\api\hrm_emp_personal\emppersonal.controller.js:20:17
    at Query.<anonymous> (D:\HR_BACKEND\hrm_baknd\api\hrm_emp_personal\emppersonal.service.js:234:24)
    at Query.<anonymous> (D:\HR_BACKEND\hrm_baknd\node_modules\mysql\lib\Connection.js:526:10)
    at Query._callback (D:\HR_BACKEND\hrm_baknd\node_modules\mysql\lib\Connection.js:488:16)
    at Query.Sequence.end (D:\HR_BACKEND\hrm_baknd\node_modules\mysql\lib\protocol\sequences\Sequence.js:83:24)
    at Query._handleFinalResultPacket (D:\HR_BACKEND\hrm_baknd\node_modules\mysql\lib\protocol\sequences\Query.js:149:8)
    at Query.EofPacket (D:\HR_BACKEND\hrm_baknd\node_modules\mysql\lib\protocol\sequences\Query.js:133:8)
    at Protocol._parsePacket (D:\HR_BACKEND\hrm_baknd\node_modules\mysql\lib\protocol\Protocol.js:291:23)
04-07-2022 12:34:39 info : No Records Found
04-07-2022 12:34:39 info : No Records Found
04-07-2022 12:41:06 info : No Records Found
04-07-2022 12:41:06 info : No Records Found
04-07-2022 12:44:21 info : No Records Found
04-07-2022 12:44:32 error : Error: ER_NO_REFERENCED_ROW_2: Cannot add or update a child row: a foreign key constraint fails (`medi_hrm`.`hrm_emp_qual`, CONSTRAINT `EM_BOARD_FK` FOREIGN KEY (`em_board`) REFERENCES `hrm_board` (`board_slno`))
    at Query.Sequence._packetToError (D:\HR_BACKEND\hrm_baknd\node_modules\mysql\lib\protocol\sequences\Sequence.js:47:14)
    at Query.ErrorPacket (D:\HR_BACKEND\hrm_baknd\node_modules\mysql\lib\protocol\sequences\Query.js:79:18)
    at Protocol._parsePacket (D:\HR_BACKEND\hrm_baknd\node_modules\mysql\lib\protocol\Protocol.js:291:23)
    at Parser._parsePacket (D:\HR_BACKEND\hrm_baknd\node_modules\mysql\lib\protocol\Parser.js:433:10)
    at Parser.write (D:\HR_BACKEND\hrm_baknd\node_modules\mysql\lib\protocol\Parser.js:43:10)
    at Protocol.write (D:\HR_BACKEND\hrm_baknd\node_modules\mysql\lib\protocol\Protocol.js:38:16)
    at Socket.<anonymous> (D:\HR_BACKEND\hrm_baknd\node_modules\mysql\lib\Connection.js:88:28)
    at Socket.<anonymous> (D:\HR_BACKEND\hrm_baknd\node_modules\mysql\lib\Connection.js:526:10)
    at Socket.emit (events.js:315:20)
    at addChunk (internal/streams/readable.js:309:12)
    --------------------
    at Pool.query (D:\HR_BACKEND\hrm_baknd\node_modules\mysql\lib\Pool.js:199:23)
    at create (D:\HR_BACKEND\hrm_baknd\api\hrm_emp_qual\qualification.service.js:5:14)
    at createQual (D:\HR_BACKEND\hrm_baknd\api\hrm_emp_qual\qualification.controller.js:19:9)
    at Layer.handle [as handle_request] (D:\HR_BACKEND\hrm_baknd\node_modules\express\lib\router\layer.js:95:5)
    at next (D:\HR_BACKEND\hrm_baknd\node_modules\express\lib\router\route.js:137:13)
    at D:\HR_BACKEND\hrm_baknd\auth\token_validation.js:21:11
    at D:\HR_BACKEND\hrm_baknd\node_modules\jsonwebtoken\verify.js:223:12
    at getSecret (D:\HR_BACKEND\hrm_baknd\node_modules\jsonwebtoken\verify.js:90:14)
    at Object.module.exports [as verify] (D:\HR_BACKEND\hrm_baknd\node_modules\jsonwebtoken\verify.js:94:10)
    at checkToken (D:\HR_BACKEND\hrm_baknd\auth\token_validation.js:8:11)
04-07-2022 12:57:49 info : Server Up and Running 5000
04-07-2022 12:59:04 info : Server Up and Running 5000
04-07-2022 12:59:33 info : Server Up and Running 5000
04-07-2022 12:59:45 info : Server Up and Running 5000
04-07-2022 1:0:23 info : Server Up and Running 5000
04-07-2022 1:0:29 info : Server Up and Running 5000
04-07-2022 1:1:16 info : Server Up and Running 5000
04-07-2022 1:3:15 info : Server Up and Running 5000
04-07-2022 1:3:59 info : No Records Found
04-07-2022 1:3:59 info : No Records Found
04-07-2022 1:5:12 info : No Records Found
04-07-2022 1:5:12 info : No Records Found
04-07-2022 1:6:06 info : No Records Found
04-07-2022 1:6:06 info : No Records Found
05-07-2022 9:55:34 info : Server Up and Running 5000
05-07-2022 10:5:50 info : Server Up and Running 5000
05-07-2022 10:5:56 info : Server Up and Running 5000
05-07-2022 10:6:15 info : Server Up and Running 5000
05-07-2022 10:13:44 info : Server Up and Running 5000
05-07-2022 10:14:09 info : Server Up and Running 5000
05-07-2022 10:14:42 info : Server Up and Running 5000
05-07-2022 10:14:50 info : Server Up and Running 5000
05-07-2022 10:18:25 info : Server Up and Running 5000
05-07-2022 10:18:36 info : Server Up and Running 5000
05-07-2022 10:18:54 info : Server Up and Running 5000
05-07-2022 11:2:01 info : No Records Found
05-07-2022 11:2:33 info : No Records Found
05-07-2022 11:2:39 info : No Records Found
05-07-2022 11:9:44 info : Server Up and Running 5000
05-07-2022 11:28:55 error : Error: ER_BAD_FIELD_ERROR: Unknown column 'bank_status' in 'where clause'
    at Query.Sequence._packetToError (D:\HR_BACKEND\hrm_baknd\node_modules\mysql\lib\protocol\sequences\Sequence.js:47:14)
    at Query.ErrorPacket (D:\HR_BACKEND\hrm_baknd\node_modules\mysql\lib\protocol\sequences\Query.js:79:18)
    at Protocol._parsePacket (D:\HR_BACKEND\hrm_baknd\node_modules\mysql\lib\protocol\Protocol.js:291:23)
    at Parser._parsePacket (D:\HR_BACKEND\hrm_baknd\node_modules\mysql\lib\protocol\Parser.js:433:10)
    at Parser.write (D:\HR_BACKEND\hrm_baknd\node_modules\mysql\lib\protocol\Parser.js:43:10)
    at Protocol.write (D:\HR_BACKEND\hrm_baknd\node_modules\mysql\lib\protocol\Protocol.js:38:16)
    at Socket.<anonymous> (D:\HR_BACKEND\hrm_baknd\node_modules\mysql\lib\Connection.js:88:28)
    at Socket.<anonymous> (D:\HR_BACKEND\hrm_baknd\node_modules\mysql\lib\Connection.js:526:10)
    at Socket.emit (events.js:315:20)
    at addChunk (internal/streams/readable.js:309:12)
    --------------------
    at Pool.query (D:\HR_BACKEND\hrm_baknd\node_modules\mysql\lib\Pool.js:199:23)
    at getBankMaster (D:\HR_BACKEND\hrm_baknd\api\bankmaster\bank.service.js:100:14)
    at getBankMaster (D:\HR_BACKEND\hrm_baknd\api\bankmaster\bank.controller.js:158:9)
    at Layer.handle [as handle_request] (D:\HR_BACKEND\hrm_baknd\node_modules\express\lib\router\layer.js:95:5)
    at next (D:\HR_BACKEND\hrm_baknd\node_modules\express\lib\router\route.js:137:13)
    at D:\HR_BACKEND\hrm_baknd\auth\token_validation.js:21:11
    at D:\HR_BACKEND\hrm_baknd\node_modules\jsonwebtoken\verify.js:223:12
    at getSecret (D:\HR_BACKEND\hrm_baknd\node_modules\jsonwebtoken\verify.js:90:14)
    at Object.module.exports [as verify] (D:\HR_BACKEND\hrm_baknd\node_modules\jsonwebtoken\verify.js:94:10)
    at checkToken (D:\HR_BACKEND\hrm_baknd\auth\token_validation.js:8:11)
05-07-2022 11:29:04 info : Server Up and Running 5000
05-07-2022 11:29:38 info : Server Up and Running 5000
05-07-2022 11:30:13 info : Server Up and Running 5000
05-07-2022 11:30:28 info : Server Up and Running 5000
05-07-2022 11:30:33 info : Server Up and Running 5000
05-07-2022 11:38:29 info : Server Up and Running 5000
05-07-2022 11:38:33 info : Server Up and Running 5000
05-07-2022 11:38:36 info : Server Up and Running 5000
05-07-2022 11:42:48 info : Server Up and Running 5000
05-07-2022 11:46:56 info : Server Up and Running 5000
05-07-2022 11:56:46 info : No Records Found
05-07-2022 11:56:47 info : No Records Found
05-07-2022 11:56:47 info : No Records Found
05-07-2022 11:56:47 info : No Records Found
05-07-2022 11:56:48 info : No Records Found
05-07-2022 11:56:48 info : No Records Found
05-07-2022 11:56:48 info : No Records Found
05-07-2022 11:56:48 info : No Records Found
05-07-2022 11:56:48 info : No Records Found
05-07-2022 11:56:48 info : No Records Found
05-07-2022 11:56:55 info : No Records Found
05-07-2022 11:56:55 info : No Records Found
05-07-2022 11:56:56 info : No Records Found
05-07-2022 11:56:56 info : No Records Found
05-07-2022 11:56:56 info : No Records Found
05-07-2022 11:56:56 info : No Records Found
05-07-2022 11:56:56 info : No Records Found
05-07-2022 11:56:56 info : No Records Found
05-07-2022 11:56:56 info : No Records Found
05-07-2022 11:57:16 info : No Records Found
05-07-2022 11:57:16 info : No Records Found
05-07-2022 11:57:16 info : No Records Found
05-07-2022 11:57:17 info : No Records Found
05-07-2022 11:57:17 info : No Records Found
05-07-2022 11:57:17 info : No Records Found
05-07-2022 11:57:17 info : No Records Found
05-07-2022 11:57:17 info : No Records Found
05-07-2022 11:57:17 info : No Records Found
05-07-2022 11:57:29 info : No Records Found
05-07-2022 11:58:18 info : No Records Found
05-07-2022 11:58:18 info : No Records Found
05-07-2022 11:58:18 info : No Records Found
05-07-2022 11:58:18 info : No Records Found
05-07-2022 11:58:19 info : No Records Found
05-07-2022 11:58:19 info : No Records Found
05-07-2022 11:58:19 info : No Records Found
05-07-2022 11:58:19 info : No Records Found
05-07-2022 11:58:19 info : No Records Found
05-07-2022 11:58:19 info : No Records Found
05-07-2022 11:58:19 info : No Records Found
05-07-2022 11:58:24 info : No Records Found
05-07-2022 11:58:25 info : No Records Found
05-07-2022 11:58:27 info : No Records Found
05-07-2022 11:58:27 info : No Records Found
05-07-2022 11:58:27 info : No Records Found
05-07-2022 11:58:27 info : No Records Found
05-07-2022 11:58:27 info : No Records Found
05-07-2022 12:8:47 error : Error: ER_PARSE_ERROR: You have an error in your SQL syntax; check the manual that corresponds to your MySQL server version for the right syntax to use near 'bank_ifsc = 'FDRL0002288',
                    bank_address = 'travnacore medici' at line 4
    at Query.Sequence._packetToError (D:\HR_BACKEND\hrm_baknd\node_modules\mysql\lib\protocol\sequences\Sequence.js:47:14)
    at Query.ErrorPacket (D:\HR_BACKEND\hrm_baknd\node_modules\mysql\lib\protocol\sequences\Query.js:79:18)
    at Protocol._parsePacket (D:\HR_BACKEND\hrm_baknd\node_modules\mysql\lib\protocol\Protocol.js:291:23)
    at Parser._parsePacket (D:\HR_BACKEND\hrm_baknd\node_modules\mysql\lib\protocol\Parser.js:433:10)
    at Parser.write (D:\HR_BACKEND\hrm_baknd\node_modules\mysql\lib\protocol\Parser.js:43:10)
    at Protocol.write (D:\HR_BACKEND\hrm_baknd\node_modules\mysql\lib\protocol\Protocol.js:38:16)
    at Socket.<anonymous> (D:\HR_BACKEND\hrm_baknd\node_modules\mysql\lib\Connection.js:88:28)
    at Socket.<anonymous> (D:\HR_BACKEND\hrm_baknd\node_modules\mysql\lib\Connection.js:526:10)
    at Socket.emit (events.js:315:20)
    at addChunk (internal/streams/readable.js:309:12)
    --------------------
    at Pool.query (D:\HR_BACKEND\hrm_baknd\node_modules\mysql\lib\Pool.js:199:23)
    at update (D:\HR_BACKEND\hrm_baknd\api\bankmaster\bank.service.js:31:14)
    at updateBank (D:\HR_BACKEND\hrm_baknd\api\bankmaster\bank.controller.js:52:9)
    at Layer.handle [as handle_request] (D:\HR_BACKEND\hrm_baknd\node_modules\express\lib\router\layer.js:95:5)
    at next (D:\HR_BACKEND\hrm_baknd\node_modules\express\lib\router\route.js:137:13)
    at D:\HR_BACKEND\hrm_baknd\auth\token_validation.js:21:11
    at D:\HR_BACKEND\hrm_baknd\node_modules\jsonwebtoken\verify.js:223:12
    at getSecret (D:\HR_BACKEND\hrm_baknd\node_modules\jsonwebtoken\verify.js:90:14)
    at Object.module.exports [as verify] (D:\HR_BACKEND\hrm_baknd\node_modules\jsonwebtoken\verify.js:94:10)
    at checkToken (D:\HR_BACKEND\hrm_baknd\auth\token_validation.js:8:11)
05-07-2022 12:8:55 error : Error: ER_PARSE_ERROR: You have an error in your SQL syntax; check the manual that corresponds to your MySQL server version for the right syntax to use near 'bank_ifsc = 'FDRL0002288',
                    bank_address = 'travnacore medici' at line 4
    at Query.Sequence._packetToError (D:\HR_BACKEND\hrm_baknd\node_modules\mysql\lib\protocol\sequences\Sequence.js:47:14)
    at Query.ErrorPacket (D:\HR_BACKEND\hrm_baknd\node_modules\mysql\lib\protocol\sequences\Query.js:79:18)
    at Protocol._parsePacket (D:\HR_BACKEND\hrm_baknd\node_modules\mysql\lib\protocol\Protocol.js:291:23)
    at Parser._parsePacket (D:\HR_BACKEND\hrm_baknd\node_modules\mysql\lib\protocol\Parser.js:433:10)
    at Parser.write (D:\HR_BACKEND\hrm_baknd\node_modules\mysql\lib\protocol\Parser.js:43:10)
    at Protocol.write (D:\HR_BACKEND\hrm_baknd\node_modules\mysql\lib\protocol\Protocol.js:38:16)
    at Socket.<anonymous> (D:\HR_BACKEND\hrm_baknd\node_modules\mysql\lib\Connection.js:88:28)
    at Socket.<anonymous> (D:\HR_BACKEND\hrm_baknd\node_modules\mysql\lib\Connection.js:526:10)
    at Socket.emit (events.js:315:20)
    at addChunk (internal/streams/readable.js:309:12)
    --------------------
    at Pool.query (D:\HR_BACKEND\hrm_baknd\node_modules\mysql\lib\Pool.js:199:23)
    at update (D:\HR_BACKEND\hrm_baknd\api\bankmaster\bank.service.js:31:14)
    at updateBank (D:\HR_BACKEND\hrm_baknd\api\bankmaster\bank.controller.js:52:9)
    at Layer.handle [as handle_request] (D:\HR_BACKEND\hrm_baknd\node_modules\express\lib\router\layer.js:95:5)
    at next (D:\HR_BACKEND\hrm_baknd\node_modules\express\lib\router\route.js:137:13)
    at D:\HR_BACKEND\hrm_baknd\auth\token_validation.js:21:11
    at D:\HR_BACKEND\hrm_baknd\node_modules\jsonwebtoken\verify.js:223:12
    at getSecret (D:\HR_BACKEND\hrm_baknd\node_modules\jsonwebtoken\verify.js:90:14)
    at Object.module.exports [as verify] (D:\HR_BACKEND\hrm_baknd\node_modules\jsonwebtoken\verify.js:94:10)
    at checkToken (D:\HR_BACKEND\hrm_baknd\auth\token_validation.js:8:11)
05-07-2022 12:10:12 info : Server Up and Running 5000
05-07-2022 1:15:04 info : Server Up and Running 5000
05-07-2022 4:21:19 info : Server Up and Running 5000
05-07-2022 4:22:34 info : Server Up and Running 5000
05-07-2022 4:25:58 info : Server Up and Running 5000
05-07-2022 4:26:25 info : Server Up and Running 5000
05-07-2022 4:26:29 info : Server Up and Running 5000
05-07-2022 4:30:34 error : TokenExpiredError: jwt expired
    at D:\HR_BACKEND\hrm_baknd\node_modules\jsonwebtoken\verify.js:152:21
    at getSecret (D:\HR_BACKEND\hrm_baknd\node_modules\jsonwebtoken\verify.js:90:14)
    at Object.module.exports [as verify] (D:\HR_BACKEND\hrm_baknd\node_modules\jsonwebtoken\verify.js:94:10)
    at validateToken (D:\HR_BACKEND\hrm_baknd\api\users\user.controllers.js:10:17)
    at Layer.handle [as handle_request] (D:\HR_BACKEND\hrm_baknd\node_modules\express\lib\router\layer.js:95:5)
    at next (D:\HR_BACKEND\hrm_baknd\node_modules\express\lib\router\route.js:137:13)
    at Route.dispatch (D:\HR_BACKEND\hrm_baknd\node_modules\express\lib\router\route.js:112:3)
    at Layer.handle [as handle_request] (D:\HR_BACKEND\hrm_baknd\node_modules\express\lib\router\layer.js:95:5)
    at D:\HR_BACKEND\hrm_baknd\node_modules\express\lib\router\index.js:281:22
    at Function.process_params (D:\HR_BACKEND\hrm_baknd\node_modules\express\lib\router\index.js:335:12)
05-07-2022 4:31:00 info : Server Up and Running 5000
05-07-2022 4:32:19 info : Server Up and Running 5000
05-07-2022 4:32:29 info : Server Up and Running 5000
05-07-2022 4:32:37 info : Server Up and Running 5000
05-07-2022 4:32:51 info : Server Up and Running 5000
05-07-2022 4:32:59 info : Server Up and Running 5000
05-07-2022 4:33:12 info : Server Up and Running 5000
05-07-2022 4:33:57 info : Server Up and Running 5000
05-07-2022 4:34:15 info : Server Up and Running 5000
05-07-2022 4:35:40 info : Server Up and Running 5000
05-07-2022 4:35:42 info : Server Up and Running 5000
05-07-2022 4:41:18 info : Server Up and Running 5000
05-07-2022 4:41:40 info : Server Up and Running 5000
05-07-2022 4:41:58 info : Server Up and Running 5000
05-07-2022 4:42:00 info : Server Up and Running 5000
05-07-2022 4:43:14 info : Server Up and Running 5000
05-07-2022 4:43:44 info : Server Up and Running 5000
05-07-2022 5:3:43 info : Server Up and Running 5000
05-07-2022 5:3:50 info : Server Up and Running 5000
05-07-2022 5:3:57 info : Server Up and Running 5000
05-07-2022 5:4:18 info : Server Up and Running 5000
05-07-2022 5:4:22 info : Server Up and Running 5000
05-07-2022 5:4:33 info : Server Up and Running 5000
05-07-2022 5:5:26 info : Server Up and Running 5000
06-07-2022 9:25:39 info : Server Up and Running 5000
06-07-2022 9:26:40 info : Server Up and Running 5000
06-07-2022 9:53:20 info : Server Up and Running 5000
06-07-2022 9:53:33 info : Server Up and Running 5000
06-07-2022 9:57:29 info : Server Up and Running 5000
06-07-2022 9:57:37 info : Server Up and Running 5000
06-07-2022 9:58:41 info : Server Up and Running 5000
06-07-2022 9:58:45 info : Server Up and Running 5000
06-07-2022 9:58:52 info : Server Up and Running 5000
06-07-2022 9:59:37 info : Server Up and Running 5000
06-07-2022 9:59:47 info : Server Up and Running 5000
06-07-2022 10:26:45 info : Server Up and Running 5000
06-07-2022 10:26:48 info : Server Up and Running 5000
06-07-2022 10:27:10 info : Server Up and Running 5000
06-07-2022 10:29:39 info : Server Up and Running 5000
06-07-2022 10:32:55 info : Server Up and Running 5000
06-07-2022 10:33:09 info : Server Up and Running 5000
06-07-2022 10:34:42 info : Server Up and Running 5000
06-07-2022 10:51:44 info : Server Up and Running 5000
06-07-2022 10:51:49 info : Server Up and Running 5000
06-07-2022 12:28:50 info : Server Up and Running 5000
06-07-2022 12:29:59 info : Server Up and Running 5000
06-07-2022 12:30:01 info : Server Up and Running 5000
06-07-2022 12:30:31 info : Server Up and Running 5000
06-07-2022 12:30:34 info : Server Up and Running 5000
06-07-2022 12:30:35 info : Server Up and Running 5000
06-07-2022 12:32:10 info : Server Up and Running 5000
06-07-2022 12:37:22 info : Server Up and Running 5000
06-07-2022 12:37:40 info : Server Up and Running 5000
06-07-2022 12:37:50 info : Server Up and Running 5000
06-07-2022 12:40:29 info : Server Up and Running 5000
06-07-2022 12:41:39 info : Server Up and Running 5000
06-07-2022 12:41:50 info : Server Up and Running 5000
06-07-2022 12:42:12 info : Server Up and Running 5000
06-07-2022 12:42:34 info : Server Up and Running 5000
06-07-2022 12:42:49 info : Server Up and Running 5000
06-07-2022 12:43:53 info : Server Up and Running 5000
06-07-2022 12:43:55 info : Server Up and Running 5000
06-07-2022 12:43:57 info : Server Up and Running 5000
06-07-2022 12:44:43 info : Server Up and Running 5000
06-07-2022 12:44:45 info : Server Up and Running 5000
06-07-2022 12:45:54 info : Server Up and Running 5000
06-07-2022 12:45:58 info : Server Up and Running 5000
06-07-2022 12:46:21 info : Server Up and Running 5000
06-07-2022 12:46:25 info : Server Up and Running 5000
06-07-2022 12:46:33 info : Server Up and Running 5000
06-07-2022 12:46:37 info : Server Up and Running 5000
06-07-2022 12:46:45 info : Server Up and Running 5000
06-07-2022 12:47:08 info : Server Up and Running 5000
06-07-2022 12:47:19 info : Server Up and Running 5000
06-07-2022 12:52:21 info : Server Up and Running 5000
06-07-2022 12:52:25 info : Server Up and Running 5000
06-07-2022 12:53:42 info : Server Up and Running 5000
06-07-2022 12:55:02 info : Server Up and Running 5000
06-07-2022 12:55:15 info : Server Up and Running 5000
06-07-2022 12:59:36 info : Server Up and Running 5000
06-07-2022 12:59:37 info : Server Up and Running 5000
06-07-2022 1:1:52 info : Server Up and Running 5000
06-07-2022 1:2:05 info : Server Up and Running 5000
06-07-2022 1:12:52 info : Server Up and Running 5000
06-07-2022 1:14:04 info : Server Up and Running 5000
06-07-2022 1:14:07 info : Server Up and Running 5000
06-07-2022 1:14:09 info : Server Up and Running 5000
06-07-2022 1:23:47 info : No Records Found
06-07-2022 1:23:47 info : No Records Found
06-07-2022 2:57:04 info : Server Up and Running 5000
06-07-2022 2:57:06 info : Server Up and Running 5000
06-07-2022 2:57:10 info : Server Up and Running 5000
06-07-2022 2:57:19 info : Server Up and Running 5000
06-07-2022 2:57:30 info : Server Up and Running 5000
06-07-2022 3:12:00 info : Server Up and Running 5000
06-07-2022 3:12:02 info : Server Up and Running 5000
06-07-2022 4:12:27 info : No Records Found
06-07-2022 4:12:27 info : No Records Found
06-07-2022 4:13:34 info : No Records Found
06-07-2022 4:13:34 info : No Records Found
06-07-2022 4:13:39 info : No Records Found
06-07-2022 4:13:39 info : No Records Found
06-07-2022 4:14:02 info : No Records Found
06-07-2022 4:14:02 info : No Records Found
06-07-2022 4:14:07 info : Server Up and Running 5000
06-07-2022 4:14:07 info : No Records Found
06-07-2022 4:14:07 info : No Records Found
06-07-2022 4:14:30 info : Server Up and Running 5000
06-07-2022 4:15:02 info : Server Up and Running 5000
06-07-2022 4:17:43 info : No Records Found
06-07-2022 4:17:43 info : No Records Found
06-07-2022 4:20:47 info : No Records Found
06-07-2022 4:20:47 info : No Records Found
06-07-2022 4:25:47 info : No Records Found
06-07-2022 4:25:47 info : No Records Found
06-07-2022 4:26:48 info : No Records Found
06-07-2022 4:26:48 info : No Records Found
06-07-2022 6:12:20 error : TokenExpiredError: jwt expired
    at D:\HR_BACKEND\hrm_baknd\node_modules\jsonwebtoken\verify.js:152:21
    at getSecret (D:\HR_BACKEND\hrm_baknd\node_modules\jsonwebtoken\verify.js:90:14)
    at Object.module.exports [as verify] (D:\HR_BACKEND\hrm_baknd\node_modules\jsonwebtoken\verify.js:94:10)
    at validateToken (D:\HR_BACKEND\hrm_baknd\api\users\user.controllers.js:10:17)
    at Layer.handle [as handle_request] (D:\HR_BACKEND\hrm_baknd\node_modules\express\lib\router\layer.js:95:5)
    at next (D:\HR_BACKEND\hrm_baknd\node_modules\express\lib\router\route.js:137:13)
    at Route.dispatch (D:\HR_BACKEND\hrm_baknd\node_modules\express\lib\router\route.js:112:3)
    at Layer.handle [as handle_request] (D:\HR_BACKEND\hrm_baknd\node_modules\express\lib\router\layer.js:95:5)
    at D:\HR_BACKEND\hrm_baknd\node_modules\express\lib\router\index.js:281:22
    at Function.process_params (D:\HR_BACKEND\hrm_baknd\node_modules\express\lib\router\index.js:335:12)
07-07-2022 9:20:01 info : Server Up and Running 5000
07-07-2022 9:20:20 info : Server Up and Running 5000
07-07-2022 9:20:50 info : Server Up and Running 5000
07-07-2022 9:21:03 info : Server Up and Running 5000
07-07-2022 9:21:29 info : Server Up and Running 5000
07-07-2022 9:21:40 info : Server Up and Running 5000
07-07-2022 9:25:41 info : Server Up and Running 5000
07-07-2022 11:14:06 info : Server Up and Running 5000
07-07-2022 11:14:34 info : Server Up and Running 5000
07-07-2022 11:15:11 info : Server Up and Running 5000
07-07-2022 11:15:27 info : Server Up and Running 5000
07-07-2022 11:15:52 info : Server Up and Running 5000
07-07-2022 11:16:16 info : Server Up and Running 5000
07-07-2022 11:53:07 info : Server Up and Running 5000
07-07-2022 11:53:12 info : Server Up and Running 5000
07-07-2022 12:2:27 info : Server Up and Running 5000
07-07-2022 12:30:14 info : Server Up and Running 5000
07-07-2022 12:30:18 info : Server Up and Running 5000
07-07-2022 12:30:20 info : Server Up and Running 5000
07-07-2022 12:32:04 info : No Records Found
07-07-2022 12:36:36 info : Server Up and Running 5000
07-07-2022 12:38:49 info : Server Up and Running 5000
07-07-2022 12:40:06 info : Server Up and Running 5000
07-07-2022 12:40:37 info : Server Up and Running 5000
07-07-2022 12:41:31 info : Server Up and Running 5000
07-07-2022 12:43:09 info : Server Up and Running 5000
07-07-2022 12:44:38 info : Server Up and Running 5000
07-07-2022 1:25:39 info : Server Up and Running 5000
07-07-2022 1:25:48 info : Server Up and Running 5000
07-07-2022 1:44:37 info : Server Up and Running 5000
07-07-2022 1:50:11 info : Server Up and Running 5000
07-07-2022 1:51:35 info : Server Up and Running 5000
07-07-2022 2:2:00 info : Server Up and Running 5000
07-07-2022 2:3:09 info : Server Up and Running 5000
07-07-2022 2:3:48 info : Server Up and Running 5000
07-07-2022 2:4:18 info : Server Up and Running 5000
07-07-2022 2:9:20 info : Server Up and Running 5000
07-07-2022 2:10:07 info : Server Up and Running 5000
07-07-2022 2:12:35 info : Server Up and Running 5000
07-07-2022 2:14:08 info : Server Up and Running 5000
07-07-2022 2:15:06 info : Server Up and Running 5000
07-07-2022 2:15:13 info : Server Up and Running 5000
07-07-2022 2:53:54 info : Server Up and Running 5000
07-07-2022 2:57:20 info : Server Up and Running 5000
07-07-2022 3:45:32 info : Server Up and Running 5000
08-07-2022 9:53:47 info : Server Up and Running 5000
08-07-2022 9:53:58 info : Server Up and Running 5000
08-07-2022 9:54:03 info : Server Up and Running 5000
08-07-2022 11:34:59 info : Server Up and Running 5000
08-07-2022 11:52:49 info : Server Up and Running 5000
08-07-2022 11:52:59 info : Server Up and Running 5000
08-07-2022 11:53:03 info : Server Up and Running 5000
08-07-2022 11:53:07 info : Server Up and Running 5000
08-07-2022 11:53:21 info : Server Up and Running 5000
08-07-2022 11:53:25 info : Server Up and Running 5000
08-07-2022 11:53:31 info : Server Up and Running 5000
08-07-2022 11:53:38 info : Server Up and Running 5000
08-07-2022 11:53:49 info : Server Up and Running 5000
08-07-2022 11:53:59 info : Server Up and Running 5000
08-07-2022 11:54:03 info : Server Up and Running 5000
08-07-2022 12:4:52 info : Server Up and Running 5000
08-07-2022 12:8:13 info : Server Up and Running 5000
11-07-2022 10:43:04 info : Server Up and Running 5000
11-07-2022 2:54:18 info : No Records Found
11-07-2022 2:54:18 info : No Records Found
12-07-2022 9:39:42 info : Server Up and Running 5000
12-07-2022 9:46:16 info : No Records Found
12-07-2022 9:46:16 info : No Records Found
12-07-2022 10:6:19 info : No Records Found
12-07-2022 10:6:19 info : No Records Found
12-07-2022 11:3:06 info : Server Up and Running 5000
12-07-2022 11:3:10 info : Server Up and Running 5000
12-07-2022 11:3:34 info : Server Up and Running 5000
12-07-2022 11:3:46 info : Server Up and Running 5000
12-07-2022 11:4:02 info : Server Up and Running 5000
12-07-2022 11:4:08 info : Server Up and Running 5000
12-07-2022 11:4:13 info : Server Up and Running 5000
12-07-2022 11:4:23 info : Server Up and Running 5000
12-07-2022 11:4:28 info : Server Up and Running 5000
12-07-2022 11:4:38 info : Server Up and Running 5000
12-07-2022 11:50:00 info : Server Up and Running 5000
12-07-2022 11:50:02 info : Server Up and Running 5000
12-07-2022 11:51:24 info : Server Up and Running 5000
12-07-2022 11:51:26 info : No Records Found
12-07-2022 11:51:26 info : No Records Found
12-07-2022 11:51:32 info : No Records Found
12-07-2022 11:51:33 info : No Records Found
12-07-2022 11:54:03 info : No Records Found
12-07-2022 11:54:03 info : No Records Found
12-07-2022 11:54:09 info : No Records Found
12-07-2022 11:54:09 info : No Records Found
12-07-2022 11:55:04 info : No Records Found
12-07-2022 11:55:09 info : No Records Found
12-07-2022 11:55:09 info : No Records Found
12-07-2022 11:55:49 info : No Records Found
12-07-2022 11:55:54 info : No Records Found
12-07-2022 11:55:58 info : No Records Found
12-07-2022 11:55:58 info : No Records Found
12-07-2022 11:56:14 info : No Records Found
12-07-2022 11:56:15 info : No Records Found
12-07-2022 11:56:49 info : No Records Found
12-07-2022 11:57:09 info : No Records Found
12-07-2022 11:57:14 info : No Records Found
12-07-2022 11:57:14 info : No Records Found
12-07-2022 11:57:38 info : No Records Found
12-07-2022 11:57:43 info : No Records Found
12-07-2022 11:57:43 info : No Records Found
12-07-2022 11:58:29 info : No Records Found
12-07-2022 11:59:26 info : No Records Found
12-07-2022 11:59:31 info : No Records Found
12-07-2022 11:59:36 info : No Records Found
12-07-2022 11:59:36 info : No Records Found
12-07-2022 12:0:30 info : No Records Found
12-07-2022 12:0:30 info : No Records Found
12-07-2022 12:0:44 info : No Records Found
12-07-2022 12:0:44 info : No Records Found
12-07-2022 12:2:45 info : No Records Found
12-07-2022 12:2:45 info : No Records Found
12-07-2022 12:3:15 info : No Records Found
12-07-2022 12:3:15 info : No Records Found
12-07-2022 12:4:13 info : No Records Found
12-07-2022 12:4:14 info : No Records Found
12-07-2022 12:4:23 info : No Records Found
12-07-2022 12:4:23 info : No Records Found
12-07-2022 12:9:14 info : No Records Found
12-07-2022 12:9:14 info : No Records Found
12-07-2022 12:9:18 info : No Records Found
12-07-2022 12:9:19 info : No Records Found
12-07-2022 12:16:21 info : No Records Found
12-07-2022 12:16:49 info : No Records Found
12-07-2022 12:16:49 info : No Records Found
12-07-2022 12:18:25 info : Server Up and Running 5000
12-07-2022 12:18:39 info : Server Up and Running 5000
12-07-2022 12:18:46 info : Server Up and Running 5000
12-07-2022 12:53:30 info : No Records Found
12-07-2022 12:55:14 info : No Records Found
12-07-2022 12:55:14 info : No Records Found
12-07-2022 12:56:31 info : No Records Found
12-07-2022 1:3:47 info : No Records Found
12-07-2022 1:3:47 info : No Records Found
12-07-2022 1:47:42 info : No Records Found
12-07-2022 2:46:31 info : No Records Found
12-07-2022 2:52:24 info : No Records Found
12-07-2022 2:52:24 info : No Records Found
12-07-2022 2:53:03 info : Server Up and Running 5000
12-07-2022 3:34:09 info : No Records Found
12-07-2022 3:34:09 info : No Records Found
12-07-2022 4:33:01 info : No Records Found
12-07-2022 4:33:01 info : No Records Found
12-07-2022 4:33:57 info : No Records Found
12-07-2022 4:33:57 info : No Records Found
12-07-2022 4:34:18 info : No Records Found
12-07-2022 4:34:18 info : No Records Found
12-07-2022 4:35:00 info : No Records Found
12-07-2022 4:35:00 info : No Records Found
12-07-2022 4:53:14 info : No Records Found
12-07-2022 4:53:14 info : No Records Found
13-07-2022 9:19:39 info : Server Up and Running 5000
13-07-2022 9:55:07 info : No Records Found
13-07-2022 9:55:07 info : No Records Found
13-07-2022 9:57:42 info : Server Up and Running 5000
13-07-2022 9:57:47 info : Server Up and Running 5000
13-07-2022 9:58:02 info : Server Up and Running 5000
13-07-2022 9:58:10 info : Server Up and Running 5000
13-07-2022 9:59:02 info : Server Up and Running 5000
13-07-2022 9:59:31 info : Server Up and Running 5000
13-07-2022 9:59:38 info : Server Up and Running 5000
13-07-2022 9:59:57 info : Server Up and Running 5000
13-07-2022 10:0:01 info : Server Up and Running 5000
13-07-2022 10:0:05 info : Server Up and Running 5000
13-07-2022 10:0:15 info : Server Up and Running 5000
13-07-2022 10:1:08 info : Server Up and Running 5000
13-07-2022 10:1:22 info : Server Up and Running 5000
13-07-2022 10:1:58 info : No Records Found
13-07-2022 10:1:58 info : No Records Found
13-07-2022 10:3:33 info : No Records Found
13-07-2022 10:3:33 info : No Records Found
13-07-2022 10:3:54 info : No Records Found
13-07-2022 10:3:54 info : No Records Found
13-07-2022 10:11:15 info : No Records Found
13-07-2022 10:11:15 info : No Records Found
13-07-2022 11:46:30 info : No Records Found
13-07-2022 11:46:30 info : No Records Found
13-07-2022 2:11:10 info : Server Up and Running 5000
13-07-2022 2:12:25 info : Server Up and Running 5000
13-07-2022 2:16:04 info : Server Up and Running 5000
13-07-2022 2:29:04 info : Server Up and Running 5000
13-07-2022 2:29:21 info : Server Up and Running 5000
13-07-2022 2:33:33 info : No Records Found
13-07-2022 2:33:33 info : No Records Found
13-07-2022 2:33:40 info : No Records Found
13-07-2022 2:33:40 info : No Records Found
13-07-2022 2:33:48 info : No Records Found
13-07-2022 2:33:48 info : No Records Found
13-07-2022 2:33:51 info : No Records Found
13-07-2022 2:34:21 info : No Records Found
13-07-2022 2:34:21 info : No Records Found
13-07-2022 2:34:23 info : No Records Found
13-07-2022 5:10:22 info : Server Up and Running 5000
14-07-2022 9:33:30 info : Server Up and Running 5000
14-07-2022 10:26:57 info : Server Up and Running 5000
14-07-2022 11:24:54 info : Server Up and Running 5000
14-07-2022 11:25:05 info : Server Up and Running 5000
14-07-2022 11:25:13 info : Server Up and Running 5000
14-07-2022 11:25:22 info : Server Up and Running 5000
14-07-2022 11:25:43 info : Server Up and Running 5000
14-07-2022 11:29:51 info : Server Up and Running 5000
14-07-2022 11:30:45 info : Server Up and Running 5000
14-07-2022 11:30:55 info : Server Up and Running 5000
14-07-2022 11:30:58 info : Server Up and Running 5000
14-07-2022 11:31:05 info : Server Up and Running 5000
14-07-2022 11:31:10 info : Server Up and Running 5000
14-07-2022 11:35:08 info : Server Up and Running 5000
14-07-2022 11:35:12 info : Server Up and Running 5000
14-07-2022 11:36:14 info : Server Up and Running 5000
14-07-2022 11:36:45 info : Server Up and Running 5000
14-07-2022 11:36:53 info : Server Up and Running 5000
14-07-2022 11:36:59 info : Server Up and Running 5000
14-07-2022 11:37:05 info : Server Up and Running 5000
14-07-2022 11:37:09 info : Server Up and Running 5000
14-07-2022 11:37:12 info : Server Up and Running 5000
14-07-2022 11:37:18 info : Server Up and Running 5000
14-07-2022 11:37:27 info : Server Up and Running 5000
14-07-2022 11:37:45 info : Server Up and Running 5000
14-07-2022 11:37:52 info : Server Up and Running 5000
14-07-2022 11:38:22 info : Server Up and Running 5000
14-07-2022 11:38:33 info : Server Up and Running 5000
14-07-2022 11:38:39 info : Server Up and Running 5000
14-07-2022 11:38:42 info : Server Up and Running 5000
14-07-2022 11:38:51 info : Server Up and Running 5000
14-07-2022 5:4:54 info : Server Up and Running 5000
15-07-2022 9:10:21 info : Server Up and Running 5000
15-07-2022 9:31:44 error : Error: ER_PARSE_ERROR: You have an error in your SQL syntax; check the manual that corresponds to your MySQL server version for the right syntax to use near '?' at line 5
    at Query.Sequence._packetToError (E:\InteliqoApi\node_modules\mysql\lib\protocol\sequences\Sequence.js:47:14)
    at Query.ErrorPacket (E:\InteliqoApi\node_modules\mysql\lib\protocol\sequences\Query.js:79:18)
    at Protocol._parsePacket (E:\InteliqoApi\node_modules\mysql\lib\protocol\Protocol.js:291:23)
    at Parser._parsePacket (E:\InteliqoApi\node_modules\mysql\lib\protocol\Parser.js:433:10)
    at Parser.write (E:\InteliqoApi\node_modules\mysql\lib\protocol\Parser.js:43:10)
    at Protocol.write (E:\InteliqoApi\node_modules\mysql\lib\protocol\Protocol.js:38:16)
    at Socket.<anonymous> (E:\InteliqoApi\node_modules\mysql\lib\Connection.js:88:28)
    at Socket.<anonymous> (E:\InteliqoApi\node_modules\mysql\lib\Connection.js:526:10)
    at Socket.emit (node:events:390:28)
    at addChunk (node:internal/streams/readable:315:12)
    --------------------
    at Pool.query (E:\InteliqoApi\node_modules\mysql\lib\Pool.js:199:23)
    at update (E:\InteliqoApi\api\employeestatus\empstatus.service.js:27:14)
    at updateEmpStatus (E:\InteliqoApi\api\employeestatus\empstatus.controller.js:49:9)
    at Layer.handle [as handle_request] (E:\InteliqoApi\node_modules\express\lib\router\layer.js:95:5)
    at next (E:\InteliqoApi\node_modules\express\lib\router\route.js:137:13)
    at E:\InteliqoApi\auth\token_validation.js:21:11
    at E:\InteliqoApi\node_modules\jsonwebtoken\verify.js:223:12
    at getSecret (E:\InteliqoApi\node_modules\jsonwebtoken\verify.js:90:14)
    at Object.module.exports [as verify] (E:\InteliqoApi\node_modules\jsonwebtoken\verify.js:94:10)
    at checkToken (E:\InteliqoApi\auth\token_validation.js:8:11)
15-07-2022 9:31:51 error : Error: ER_PARSE_ERROR: You have an error in your SQL syntax; check the manual that corresponds to your MySQL server version for the right syntax to use near '?' at line 5
    at Query.Sequence._packetToError (E:\InteliqoApi\node_modules\mysql\lib\protocol\sequences\Sequence.js:47:14)
    at Query.ErrorPacket (E:\InteliqoApi\node_modules\mysql\lib\protocol\sequences\Query.js:79:18)
    at Protocol._parsePacket (E:\InteliqoApi\node_modules\mysql\lib\protocol\Protocol.js:291:23)
    at Parser._parsePacket (E:\InteliqoApi\node_modules\mysql\lib\protocol\Parser.js:433:10)
    at Parser.write (E:\InteliqoApi\node_modules\mysql\lib\protocol\Parser.js:43:10)
    at Protocol.write (E:\InteliqoApi\node_modules\mysql\lib\protocol\Protocol.js:38:16)
    at Socket.<anonymous> (E:\InteliqoApi\node_modules\mysql\lib\Connection.js:88:28)
    at Socket.<anonymous> (E:\InteliqoApi\node_modules\mysql\lib\Connection.js:526:10)
    at Socket.emit (node:events:390:28)
    at addChunk (node:internal/streams/readable:315:12)
    --------------------
    at Pool.query (E:\InteliqoApi\node_modules\mysql\lib\Pool.js:199:23)
    at update (E:\InteliqoApi\api\employeestatus\empstatus.service.js:27:14)
    at updateEmpStatus (E:\InteliqoApi\api\employeestatus\empstatus.controller.js:49:9)
    at Layer.handle [as handle_request] (E:\InteliqoApi\node_modules\express\lib\router\layer.js:95:5)
    at next (E:\InteliqoApi\node_modules\express\lib\router\route.js:137:13)
    at E:\InteliqoApi\auth\token_validation.js:21:11
    at E:\InteliqoApi\node_modules\jsonwebtoken\verify.js:223:12
    at getSecret (E:\InteliqoApi\node_modules\jsonwebtoken\verify.js:90:14)
    at Object.module.exports [as verify] (E:\InteliqoApi\node_modules\jsonwebtoken\verify.js:94:10)
    at checkToken (E:\InteliqoApi\auth\token_validation.js:8:11)
15-07-2022 9:34:47 info : Server Up and Running 5000
15-07-2022 11:11:38 info : Server Up and Running 5000
15-07-2022 11:11:51 info : Server Up and Running 5000
15-07-2022 11:16:02 info : Server Up and Running 5000
15-07-2022 11:20:54 info : Server Up and Running 5000
15-07-2022 11:21:04 info : Server Up and Running 5000
15-07-2022 11:21:51 info : Server Up and Running 5000
15-07-2022 11:21:58 info : Server Up and Running 5000
15-07-2022 11:24:41 info : Server Up and Running 5000
15-07-2022 11:25:25 error : Error: ER_PARSE_ERROR: You have an error in your SQL syntax; check the manual that corresponds to your MySQL server version for the right syntax to use near 'em_designation =3,
                    em_from ='2021-01-01',
                  ' at line 6
    at Query.Sequence._packetToError (E:\InteliqoApi\node_modules\mysql\lib\protocol\sequences\Sequence.js:47:14)
    at Query.ErrorPacket (E:\InteliqoApi\node_modules\mysql\lib\protocol\sequences\Query.js:79:18)
    at Protocol._parsePacket (E:\InteliqoApi\node_modules\mysql\lib\protocol\Protocol.js:291:23)
    at Parser._parsePacket (E:\InteliqoApi\node_modules\mysql\lib\protocol\Parser.js:433:10)
    at Parser.write (E:\InteliqoApi\node_modules\mysql\lib\protocol\Parser.js:43:10)
    at Protocol.write (E:\InteliqoApi\node_modules\mysql\lib\protocol\Protocol.js:38:16)
    at Socket.<anonymous> (E:\InteliqoApi\node_modules\mysql\lib\Connection.js:88:28)
    at Socket.<anonymous> (E:\InteliqoApi\node_modules\mysql\lib\Connection.js:526:10)
    at Socket.emit (node:events:390:28)
    at addChunk (node:internal/streams/readable:315:12)
    --------------------
    at Pool.query (E:\InteliqoApi\node_modules\mysql\lib\Pool.js:199:23)
    at update (E:\InteliqoApi\api\hrm_emp_exp\empexp.service.js:40:14)
    at updateExp (E:\InteliqoApi\api\hrm_emp_exp\empexp.controller.js:48:9)
    at Layer.handle [as handle_request] (E:\InteliqoApi\node_modules\express\lib\router\layer.js:95:5)
    at next (E:\InteliqoApi\node_modules\express\lib\router\route.js:137:13)
    at E:\InteliqoApi\auth\token_validation.js:21:11
    at E:\InteliqoApi\node_modules\jsonwebtoken\verify.js:223:12
    at getSecret (E:\InteliqoApi\node_modules\jsonwebtoken\verify.js:90:14)
    at Object.module.exports [as verify] (E:\InteliqoApi\node_modules\jsonwebtoken\verify.js:94:10)
    at checkToken (E:\InteliqoApi\auth\token_validation.js:8:11)
15-07-2022 11:25:51 info : Server Up and Running 5000
15-07-2022 12:4:56 info : Server Up and Running 5000
15-07-2022 12:5:59 info : Server Up and Running 5000
15-07-2022 12:6:46 info : Server Up and Running 5000
15-07-2022 12:6:53 info : Server Up and Running 5000
15-07-2022 12:7:05 info : Server Up and Running 5000
15-07-2022 12:7:11 info : Server Up and Running 5000
15-07-2022 12:7:42 info : Server Up and Running 5000
15-07-2022 12:7:59 info : Server Up and Running 5000
15-07-2022 12:29:19 info : Server Up and Running 5000
15-07-2022 12:30:26 info : Server Up and Running 5000
15-07-2022 12:30:43 info : Server Up and Running 5000
15-07-2022 12:30:46 info : Server Up and Running 5000
15-07-2022 12:30:57 info : Server Up and Running 5000
15-07-2022 12:31:32 info : Server Up and Running 5000
15-07-2022 12:31:47 info : Server Up and Running 5000
15-07-2022 12:31:51 info : Server Up and Running 5000
15-07-2022 12:32:04 info : Server Up and Running 5000
15-07-2022 12:32:07 info : Server Up and Running 5000
15-07-2022 2:40:41 error : Error: ER_DUP_ENTRY: Duplicate entry '1' for key 'hrm_department_shift_master.sect_id_UNIQUE'
    at Query.Sequence._packetToError (E:\InteliqoApi\node_modules\mysql\lib\protocol\sequences\Sequence.js:47:14)
    at Query.ErrorPacket (E:\InteliqoApi\node_modules\mysql\lib\protocol\sequences\Query.js:79:18)
    at Protocol._parsePacket (E:\InteliqoApi\node_modules\mysql\lib\protocol\Protocol.js:291:23)
    at Parser._parsePacket (E:\InteliqoApi\node_modules\mysql\lib\protocol\Parser.js:433:10)
    at Parser.write (E:\InteliqoApi\node_modules\mysql\lib\protocol\Parser.js:43:10)
    at Protocol.write (E:\InteliqoApi\node_modules\mysql\lib\protocol\Protocol.js:38:16)
    at Socket.<anonymous> (E:\InteliqoApi\node_modules\mysql\lib\Connection.js:88:28)
    at Socket.<anonymous> (E:\InteliqoApi\node_modules\mysql\lib\Connection.js:526:10)
    at Socket.emit (node:events:390:28)
    at addChunk (node:internal/streams/readable:315:12)
    --------------------
    at Pool.query (E:\InteliqoApi\node_modules\mysql\lib\Pool.js:199:23)
    at create (E:\InteliqoApi\api\Departmentshiftmaster\Departmentshiftmaster.service.js:5:14)
    at create (E:\InteliqoApi\api\Departmentshiftmaster\Departmentshiftmaster.controller.js:17:9)
    at Layer.handle [as handle_request] (E:\InteliqoApi\node_modules\express\lib\router\layer.js:95:5)
    at next (E:\InteliqoApi\node_modules\express\lib\router\route.js:137:13)
    at E:\InteliqoApi\auth\token_validation.js:21:11
    at E:\InteliqoApi\node_modules\jsonwebtoken\verify.js:223:12
    at getSecret (E:\InteliqoApi\node_modules\jsonwebtoken\verify.js:90:14)
    at Object.module.exports [as verify] (E:\InteliqoApi\node_modules\jsonwebtoken\verify.js:94:10)
    at checkToken (E:\InteliqoApi\auth\token_validation.js:8:11)
15-07-2022 3:11:59 info : Server Up and Running 5000
15-07-2022 3:12:58 info : Server Up and Running 5000
15-07-2022 3:13:05 info : Server Up and Running 5000
15-07-2022 3:13:12 info : Server Up and Running 5000
15-07-2022 3:13:51 info : Server Up and Running 5000
15-07-2022 3:14:15 info : Server Up and Running 5000
15-07-2022 3:14:24 info : Server Up and Running 5000
15-07-2022 4:19:53 info : Server Up and Running 5000
15-07-2022 4:21:03 info : Server Up and Running 5000
15-07-2022 4:21:18 info : Server Up and Running 5000
15-07-2022 4:21:23 info : Server Up and Running 5000
15-07-2022 4:21:25 info : Server Up and Running 5000
15-07-2022 4:21:33 info : Server Up and Running 5000
15-07-2022 4:25:26 info : Server Up and Running 5000
15-07-2022 4:25:43 info : Server Up and Running 5000
15-07-2022 4:25:53 info : Server Up and Running 5000
15-07-2022 4:25:57 info : Server Up and Running 5000
15-07-2022 4:32:45 info : Server Up and Running 5000
